2019-03-14T00:46:11+00:00 MacBook-Pro-9.local#00 I: Runner: processes
2019-03-14T00:46:11+00:00 MacBook-Pro-9.local#00 I: Chooser: simple
2019-03-14T00:46:11+00:00 MacBook-Pro-9.local#00 I: Configuration suite_name = "all"
2019-03-14T00:46:11+00:00 MacBook-Pro-9.local#00 I: Configuration cache_filename = "/Users/rohanmirchandani/Desktop/CS4/Lab4/oUnit-$(suite_name).cache"
2019-03-14T00:46:11+00:00 MacBook-Pro-9.local#00 I: Configuration display = "true"
2019-03-14T00:46:11+00:00 MacBook-Pro-9.local#00 I: Configuration results_style_1_X = "false"
2019-03-14T00:46:11+00:00 MacBook-Pro-9.local#00 I: Configuration verbose = "false"
2019-03-14T00:46:11+00:00 MacBook-Pro-9.local#00 I: Configuration health_check_interval = "1."
2019-03-14T00:46:11+00:00 MacBook-Pro-9.local#00 I: Configuration testdata_dir = "none"
2019-03-14T00:46:11+00:00 MacBook-Pro-9.local#00 I: Configuration chooser = "simple"
2019-03-14T00:46:11+00:00 MacBook-Pro-9.local#00 I: Configuration output_html_dir = "none"
2019-03-14T00:46:11+00:00 MacBook-Pro-9.local#00 I: Configuration processes_kill_period = "5."
2019-03-14T00:46:11+00:00 MacBook-Pro-9.local#00 I: Configuration runner = "processes"
2019-03-14T00:46:11+00:00 MacBook-Pro-9.local#00 I: Configuration shards = "2"
2019-03-14T00:46:11+00:00 MacBook-Pro-9.local#00 I: Configuration processes_grace_period = "5."
2019-03-14T00:46:11+00:00 MacBook-Pro-9.local#00 I: Configuration log_encoding = "utf-8"
2019-03-14T00:46:11+00:00 MacBook-Pro-9.local#00 I: Configuration output_junit_file = "none"
2019-03-14T00:46:11+00:00 MacBook-Pro-9.local#00 I: Configuration output_file = "/Users/rohanmirchandani/Desktop/CS4/Lab4/oUnit-$(suite_name)-$(shard_id).log"
2019-03-14T00:46:11+00:00 MacBook-Pro-9.local#00 I: Using 2 workers maximum.
2019-03-14T00:46:11+00:00 MacBook-Pro-9.local#00 I: Starting worker number MacBook-Pro-9.local#01.
2019-03-14T00:46:11+00:00 MacBook-Pro-9.local#00 I: Worker MacBook-Pro-9.local#01 started.
2019-03-14T00:46:11+00:00 MacBook-Pro-9.local#00 I: Starting worker number MacBook-Pro-9.local#02.
2019-03-14T00:46:11+00:00 MacBook-Pro-9.local#00 I: Worker MacBook-Pro-9.local#02 started.
2019-03-14T00:46:11+00:00 MacBook-Pro-9.local#00 I: 2 tests running: all:1:Problem A.2, all:0:Problem A.1.
2019-03-14T00:46:11+00:00 MacBook-Pro-9.local#01 I: Start test all:0:Problem A.1.
2019-03-14T00:46:11+00:00 MacBook-Pro-9.local#00 I: 2 tests running: all:1:Problem A.2, all:0:Problem A.1.
2019-03-14T00:46:11+00:00 MacBook-Pro-9.local#02 I: Start test all:1:Problem A.2.
2019-03-14T00:46:11+00:00 MacBook-Pro-9.local#00 I: 2 tests running: all:1:Problem A.2, all:0:Problem A.1.
2019-03-14T00:46:11+00:00 MacBook-Pro-9.local#01 I: Test all:0:Problem A.1 is successful.
2019-03-14T00:46:11+00:00 MacBook-Pro-9.local#00 I: 2 tests running: all:1:Problem A.2, all:0:Problem A.1.
2019-03-14T00:46:11+00:00 MacBook-Pro-9.local#01 I: End test all:0:Problem A.1.
2019-03-14T00:46:11+00:00 MacBook-Pro-9.local#00 I: 2 tests running: all:1:Problem A.2, all:0:Problem A.1.
2019-03-14T00:46:11+00:00 MacBook-Pro-9.local#00 I: 2 tests running: all:2:Problem A.3, all:1:Problem A.2.
2019-03-14T00:46:11+00:00 MacBook-Pro-9.local#02 I: Test all:1:Problem A.2 is successful.
2019-03-14T00:46:11+00:00 MacBook-Pro-9.local#01 I: Start test all:2:Problem A.3.
2019-03-14T00:46:11+00:00 MacBook-Pro-9.local#00 I: 2 tests running: all:2:Problem A.3, all:1:Problem A.2.
2019-03-14T00:46:11+00:00 MacBook-Pro-9.local#02 I: End test all:1:Problem A.2.
2019-03-14T00:46:11+00:00 MacBook-Pro-9.local#00 I: 2 tests running: all:2:Problem A.3, all:1:Problem A.2.
2019-03-14T00:46:11+00:00 MacBook-Pro-9.local#00 I: 2 tests running: all:3:Problem A.4, all:2:Problem A.3.
2019-03-14T00:46:11+00:00 MacBook-Pro-9.local#02 I: Start test all:3:Problem A.4.
2019-03-14T00:46:11+00:00 MacBook-Pro-9.local#00 I: 2 tests running: all:3:Problem A.4, all:2:Problem A.3.
2019-03-14T00:46:11+00:00 MacBook-Pro-9.local#01 I: Test all:2:Problem A.3 is successful.
2019-03-14T00:46:11+00:00 MacBook-Pro-9.local#00 I: 2 tests running: all:3:Problem A.4, all:2:Problem A.3.
2019-03-14T00:46:11+00:00 MacBook-Pro-9.local#01 I: End test all:2:Problem A.3.
2019-03-14T00:46:11+00:00 MacBook-Pro-9.local#00 I: 2 tests running: all:3:Problem A.4, all:2:Problem A.3.
2019-03-14T00:46:11+00:00 MacBook-Pro-9.local#00 I: 2 tests running: all:4:Problem A.5, all:3:Problem A.4.
2019-03-14T00:46:11+00:00 MacBook-Pro-9.local#02 I: Test all:3:Problem A.4 is successful.
2019-03-14T00:46:11+00:00 MacBook-Pro-9.local#00 I: 2 tests running: all:4:Problem A.5, all:3:Problem A.4.
2019-03-14T00:46:11+00:00 MacBook-Pro-9.local#02 I: End test all:3:Problem A.4.
2019-03-14T00:46:11+00:00 MacBook-Pro-9.local#01 I: Start test all:4:Problem A.5.
2019-03-14T00:46:11+00:00 MacBook-Pro-9.local#00 I: 2 tests running: all:4:Problem A.5, all:3:Problem A.4.
2019-03-14T00:46:11+00:00 MacBook-Pro-9.local#00 I: 2 tests running: all:5:Problem A.6, all:4:Problem A.5.
2019-03-14T00:46:11+00:00 MacBook-Pro-9.local#02 I: Start test all:5:Problem A.6.
2019-03-14T00:46:11+00:00 MacBook-Pro-9.local#00 I: 2 tests running: all:5:Problem A.6, all:4:Problem A.5.
2019-03-14T00:46:11+00:00 MacBook-Pro-9.local#01 I: Test all:4:Problem A.5 is successful.
2019-03-14T00:46:11+00:00 MacBook-Pro-9.local#00 I: 2 tests running: all:5:Problem A.6, all:4:Problem A.5.
2019-03-14T00:46:11+00:00 MacBook-Pro-9.local#01 I: End test all:4:Problem A.5.
2019-03-14T00:46:11+00:00 MacBook-Pro-9.local#00 I: 2 tests running: all:5:Problem A.6, all:4:Problem A.5.
2019-03-14T00:46:11+00:00 MacBook-Pro-9.local#00 I: 2 tests running: all:6:Problem A.7, all:5:Problem A.6.
2019-03-14T00:46:11+00:00 MacBook-Pro-9.local#01 I: Start test all:6:Problem A.7.
2019-03-14T00:46:11+00:00 MacBook-Pro-9.local#00 I: 2 tests running: all:6:Problem A.7, all:5:Problem A.6.
2019-03-14T00:46:11+00:00 MacBook-Pro-9.local#02 I: Test all:5:Problem A.6 is successful.
2019-03-14T00:46:11+00:00 MacBook-Pro-9.local#00 I: 2 tests running: all:6:Problem A.7, all:5:Problem A.6.
2019-03-14T00:46:11+00:00 MacBook-Pro-9.local#02 I: End test all:5:Problem A.6.
2019-03-14T00:46:11+00:00 MacBook-Pro-9.local#00 I: 2 tests running: all:6:Problem A.7, all:5:Problem A.6.
2019-03-14T00:46:11+00:00 MacBook-Pro-9.local#00 I: 2 tests running: all:7:Problem B.1, all:6:Problem A.7.
2019-03-14T00:46:11+00:00 MacBook-Pro-9.local#02 I: Start test all:7:Problem B.1.
2019-03-14T00:46:11+00:00 MacBook-Pro-9.local#00 I: 2 tests running: all:7:Problem B.1, all:6:Problem A.7.
2019-03-14T00:46:11+00:00 MacBook-Pro-9.local#01 I: Test all:6:Problem A.7 is successful.
2019-03-14T00:46:11+00:00 MacBook-Pro-9.local#00 I: 2 tests running: all:7:Problem B.1, all:6:Problem A.7.
2019-03-14T00:46:11+00:00 MacBook-Pro-9.local#01 I: End test all:6:Problem A.7.
2019-03-14T00:46:11+00:00 MacBook-Pro-9.local#00 I: 2 tests running: all:7:Problem B.1, all:6:Problem A.7.
2019-03-14T00:46:11+00:00 MacBook-Pro-9.local#00 I: 2 tests running: all:8:Problem B.4, all:7:Problem B.1.
2019-03-14T00:46:11+00:00 MacBook-Pro-9.local#01 I: Start test all:8:Problem B.4.
2019-03-14T00:46:11+00:00 MacBook-Pro-9.local#00 I: 2 tests running: all:8:Problem B.4, all:7:Problem B.1.
2019-03-14T00:46:11+00:00 MacBook-Pro-9.local#02 I: Test all:7:Problem B.1 is successful.
2019-03-14T00:46:11+00:00 MacBook-Pro-9.local#00 I: 2 tests running: all:8:Problem B.4, all:7:Problem B.1.
2019-03-14T00:46:11+00:00 MacBook-Pro-9.local#02 I: End test all:7:Problem B.1.
2019-03-14T00:46:11+00:00 MacBook-Pro-9.local#00 I: 2 tests running: all:8:Problem B.4, all:7:Problem B.1.
2019-03-14T00:46:11+00:00 MacBook-Pro-9.local#00 I: 2 tests running: all:9:Problem C.1, all:8:Problem B.4.
2019-03-14T00:46:11+00:00 MacBook-Pro-9.local#02 I: Start test all:9:Problem C.1.
2019-03-14T00:46:11+00:00 MacBook-Pro-9.local#00 I: 2 tests running: all:9:Problem C.1, all:8:Problem B.4.
2019-03-14T00:46:11+00:00 MacBook-Pro-9.local#01 I: Test all:8:Problem B.4 is successful.
2019-03-14T00:46:11+00:00 MacBook-Pro-9.local#00 I: 2 tests running: all:9:Problem C.1, all:8:Problem B.4.
2019-03-14T00:46:11+00:00 MacBook-Pro-9.local#01 I: End test all:8:Problem B.4.
2019-03-14T00:46:11+00:00 MacBook-Pro-9.local#00 I: 2 tests running: all:9:Problem C.1, all:8:Problem B.4.
2019-03-14T00:46:11+00:00 MacBook-Pro-9.local#00 I: Still 2 tests running : all:10:Problem C.2, all:9:Problem C.1.
2019-03-14T00:46:11+00:00 MacBook-Pro-9.local#00 I: 2 tests running: all:10:Problem C.2, all:9:Problem C.1.
2019-03-14T00:46:11+00:00 MacBook-Pro-9.local#01 I: Start test all:10:Problem C.2.
2019-03-14T00:46:11+00:00 MacBook-Pro-9.local#00 I: Still 2 tests running : all:10:Problem C.2, all:9:Problem C.1.
2019-03-14T00:46:11+00:00 MacBook-Pro-9.local#00 I: 2 tests running: all:10:Problem C.2, all:9:Problem C.1.
2019-03-14T00:46:11+00:00 MacBook-Pro-9.local#02 I: Test all:9:Problem C.1 is successful.
2019-03-14T00:46:11+00:00 MacBook-Pro-9.local#00 I: Still 2 tests running : all:10:Problem C.2, all:9:Problem C.1.
2019-03-14T00:46:11+00:00 MacBook-Pro-9.local#00 I: 2 tests running: all:10:Problem C.2, all:9:Problem C.1.
2019-03-14T00:46:11+00:00 MacBook-Pro-9.local#02 I: End test all:9:Problem C.1.
2019-03-14T00:46:11+00:00 MacBook-Pro-9.local#00 I: Still 2 tests running : all:10:Problem C.2, all:9:Problem C.1.
2019-03-14T00:46:11+00:00 MacBook-Pro-9.local#00 I: 2 tests running: all:10:Problem C.2, all:9:Problem C.1.
2019-03-14T00:46:11+00:00 MacBook-Pro-9.local#01 E: Test all:10:Problem C.2 has failed.
2019-03-14T00:46:11+00:00 MacBook-Pro-9.local#01 E: not equal in test all:10:Problem C.2.
2019-03-14T00:46:11+00:00 MacBook-Pro-9.local#01 E: Called from unknown location
2019-03-14T00:46:11+00:00 MacBook-Pro-9.local#01 E: Called from unknown location
2019-03-14T00:46:11+00:00 MacBook-Pro-9.local#01 E: 
2019-03-14T00:46:11+00:00 MacBook-Pro-9.local#00 I: Still 1 tests running : all:10:Problem C.2.
2019-03-14T00:46:11+00:00 MacBook-Pro-9.local#00 I: 1 tests running: all:10:Problem C.2.
2019-03-14T00:46:11+00:00 MacBook-Pro-9.local#01 I: End test all:10:Problem C.2.
2019-03-14T00:46:11+00:00 MacBook-Pro-9.local#00 I: Still 1 tests running : all:10:Problem C.2.
2019-03-14T00:46:11+00:00 MacBook-Pro-9.local#00 I: 1 tests running: all:10:Problem C.2.
2019-03-14T00:46:11+00:00 MacBook-Pro-9.local#00 I: 0 tests running: .
2019-03-14T00:46:11+00:00 MacBook-Pro-9.local#00 I: Worker MacBook-Pro-9.local#02 has ended.
2019-03-14T00:46:11+00:00 MacBook-Pro-9.local#00 I: Worker MacBook-Pro-9.local#01 has ended.
2019-03-14T00:46:11+00:00 MacBook-Pro-9.local#00 I: Used 2 worker during test execution.
2019-03-14T00:46:11+00:00 MacBook-Pro-9.local#00 I: Run 5 tests with shard MacBook-Pro-9.local#02.
2019-03-14T00:46:11+00:00 MacBook-Pro-9.local#00 I: Run 6 tests with shard MacBook-Pro-9.local#01.
2019-03-14T00:46:11+00:00 MacBook-Pro-9.local#00 I: ==============
2019-03-14T00:46:11+00:00 MacBook-Pro-9.local#00 I: Summary:
2019-03-14T00:46:11+00:00 MacBook-Pro-9.local#00 E: Test all:10:Problem C.2 has failed.
2019-03-14T00:46:11+00:00 MacBook-Pro-9.local#00 E: not equal in test all:10:Problem C.2.
2019-03-14T00:46:11+00:00 MacBook-Pro-9.local#00 E: Called from unknown location
2019-03-14T00:46:11+00:00 MacBook-Pro-9.local#00 E: Called from unknown location
2019-03-14T00:46:11+00:00 MacBook-Pro-9.local#00 E: 
2019-03-14T00:46:11+00:00 MacBook-Pro-9.local#00 I: Test all:9:Problem C.1 is successful.
2019-03-14T00:46:11+00:00 MacBook-Pro-9.local#00 I: Test all:8:Problem B.4 is successful.
2019-03-14T00:46:11+00:00 MacBook-Pro-9.local#00 I: Test all:7:Problem B.1 is successful.
2019-03-14T00:46:11+00:00 MacBook-Pro-9.local#00 I: Test all:6:Problem A.7 is successful.
2019-03-14T00:46:11+00:00 MacBook-Pro-9.local#00 I: Test all:5:Problem A.6 is successful.
2019-03-14T00:46:11+00:00 MacBook-Pro-9.local#00 I: Test all:4:Problem A.5 is successful.
2019-03-14T00:46:11+00:00 MacBook-Pro-9.local#00 I: Test all:3:Problem A.4 is successful.
2019-03-14T00:46:11+00:00 MacBook-Pro-9.local#00 I: Test all:2:Problem A.3 is successful.
2019-03-14T00:46:11+00:00 MacBook-Pro-9.local#00 I: Test all:1:Problem A.2 is successful.
2019-03-14T00:46:11+00:00 MacBook-Pro-9.local#00 I: Test all:0:Problem A.1 is successful.
2019-03-14T00:46:11+00:00 MacBook-Pro-9.local#00 I: Ran: 11 tests in: 0.11 seconds.
2019-03-14T00:46:11+00:00 MacBook-Pro-9.local#00 I: Cases: 11.
2019-03-14T00:46:11+00:00 MacBook-Pro-9.local#00 I: Tried: 11.
2019-03-14T00:46:11+00:00 MacBook-Pro-9.local#00 I: Errors: 0.
2019-03-14T00:46:11+00:00 MacBook-Pro-9.local#00 I: Failures: 1.
2019-03-14T00:46:11+00:00 MacBook-Pro-9.local#00 I: Skip: 0.
2019-03-14T00:46:11+00:00 MacBook-Pro-9.local#00 I: Todo: 0.
2019-03-14T00:46:11+00:00 MacBook-Pro-9.local#00 I: Timeout: 0.
