2019-03-14T00:46:11+00:00 MacBook-Pro-9.local#01 I: Start test all:0:Problem A.1.
2019-03-14T00:46:11+00:00 MacBook-Pro-9.local#01 I: Test all:0:Problem A.1 is successful.
2019-03-14T00:46:11+00:00 MacBook-Pro-9.local#01 I: End test all:0:Problem A.1.
2019-03-14T00:46:11+00:00 MacBook-Pro-9.local#01 I: Start test all:2:Problem A.3.
2019-03-14T00:46:11+00:00 MacBook-Pro-9.local#01 I: Test all:2:Problem A.3 is successful.
2019-03-14T00:46:11+00:00 MacBook-Pro-9.local#01 I: End test all:2:Problem A.3.
2019-03-14T00:46:11+00:00 MacBook-Pro-9.local#01 I: Start test all:4:Problem A.5.
2019-03-14T00:46:11+00:00 MacBook-Pro-9.local#01 I: Test all:4:Problem A.5 is successful.
2019-03-14T00:46:11+00:00 MacBook-Pro-9.local#01 I: End test all:4:Problem A.5.
2019-03-14T00:46:11+00:00 MacBook-Pro-9.local#01 I: Start test all:6:Problem A.7.
2019-03-14T00:46:11+00:00 MacBook-Pro-9.local#01 I: Test all:6:Problem A.7 is successful.
2019-03-14T00:46:11+00:00 MacBook-Pro-9.local#01 I: End test all:6:Problem A.7.
2019-03-14T00:46:11+00:00 MacBook-Pro-9.local#01 I: Start test all:8:Problem B.4.
2019-03-14T00:46:11+00:00 MacBook-Pro-9.local#01 I: Test all:8:Problem B.4 is successful.
2019-03-14T00:46:11+00:00 MacBook-Pro-9.local#01 I: End test all:8:Problem B.4.
2019-03-14T00:46:11+00:00 MacBook-Pro-9.local#01 I: Start test all:10:Problem C.2.
2019-03-14T00:46:11+00:00 MacBook-Pro-9.local#01 E: Test all:10:Problem C.2 has failed.
2019-03-14T00:46:11+00:00 MacBook-Pro-9.local#01 E: not equal in test all:10:Problem C.2.
2019-03-14T00:46:11+00:00 MacBook-Pro-9.local#01 E: Called from unknown location
2019-03-14T00:46:11+00:00 MacBook-Pro-9.local#01 E: Called from unknown location
2019-03-14T00:46:11+00:00 MacBook-Pro-9.local#01 E: 
2019-03-14T00:46:11+00:00 MacBook-Pro-9.local#01 I: End test all:10:Problem C.2.
